<?xml version="1.0" encoding="UTF-8"?>
<testng-results ignored="0" total="2" passed="2" failed="0" skipped="0">
  <reporter-output>
  </reporter-output>
  <suite started-at="2025-01-30T08:00:08 IST" name="Default suite" finished-at="2025-01-30T08:04:15 IST" duration-ms="246953">
    <groups>
    </groups>
    <test started-at="2025-01-30T08:00:08 IST" name="Default test" finished-at="2025-01-30T08:04:15 IST" duration-ms="246953">
      <class name="testpackage.Homepage">
        <test-method is-config="true" signature="driversetup()[pri:0, instance:testpackage.Homepage@75d3a5e0]" started-at="2025-01-30T08:00:08 IST" name="driversetup" finished-at="2025-01-30T08:01:23 IST" duration-ms="75104" status="PASS">
          <reporter-output>
          </reporter-output>
        </test-method> <!-- driversetup -->
        <test-method is-config="true" signature="setup()[pri:0, instance:testpackage.Homepage@75d3a5e0]" started-at="2025-01-30T08:01:23 IST" name="setup" finished-at="2025-01-30T08:02:01 IST" duration-ms="37580" status="PASS">
          <reporter-output>
          </reporter-output>
        </test-method> <!-- setup -->
        <test-method signature="brokenLinks()[pri:1, instance:testpackage.Homepage@75d3a5e0]" started-at="2025-01-30T08:02:01 IST" name="brokenLinks" finished-at="2025-01-30T08:04:14 IST" duration-ms="133685" status="PASS">
          <reporter-output>
          </reporter-output>
        </test-method> <!-- brokenLinks -->
        <test-method is-config="true" signature="browserClose(org.testng.ITestResult)[pri:0, instance:testpackage.Homepage@75d3a5e0]" started-at="2025-01-30T08:04:14 IST" name="browserClose" finished-at="2025-01-30T08:04:14 IST" duration-ms="17" status="PASS">
          <params>
            <param index="0">
              <value>
                <![CDATA[[TestResult name=brokenLinks status=SUCCESS method=Homepage.brokenLinks()[pri:1, instance:testpackage.Homepage@75d3a5e0] output={null}]]]>
              </value>
            </param>
          </params>
          <reporter-output>
          </reporter-output>
        </test-method> <!-- browserClose -->
        <test-method signature="verifytitle()[pri:1, instance:testpackage.Homepage@75d3a5e0]" started-at="2025-01-30T08:04:14 IST" name="verifytitle" finished-at="2025-01-30T08:04:14 IST" duration-ms="24" status="PASS">
          <reporter-output>
          </reporter-output>
        </test-method> <!-- verifytitle -->
        <test-method is-config="true" signature="browserClose(org.testng.ITestResult)[pri:0, instance:testpackage.Homepage@75d3a5e0]" started-at="2025-01-30T08:04:14 IST" name="browserClose" finished-at="2025-01-30T08:04:14 IST" duration-ms="3" status="PASS">
          <params>
            <param index="0">
              <value>
                <![CDATA[[TestResult name=verifytitle status=SUCCESS method=Homepage.verifytitle()[pri:1, instance:testpackage.Homepage@75d3a5e0] output={null}]]]>
              </value>
            </param>
          </params>
          <reporter-output>
          </reporter-output>
        </test-method> <!-- browserClose -->
        <test-method is-config="true" signature="executeReport()[pri:0, instance:testpackage.Homepage@75d3a5e0]" started-at="2025-01-30T08:04:14 IST" name="executeReport" finished-at="2025-01-30T08:04:15 IST" duration-ms="427" status="PASS">
          <reporter-output>
          </reporter-output>
        </test-method> <!-- executeReport -->
      </class> <!-- testpackage.Homepage -->
    </test> <!-- Default test -->
  </suite> <!-- Default suite -->
</testng-results>
